secret is urhlampwghscetpujxbgbjwzgolkksdtmolpwhurtlzzpzjmbrifztofncfsfvwqonrxocqvqxkvvtxqxnvfzqtjswenhankfkxl 
end of __init__
secret is ivydomhdyvdyrooncysdwlpcqkjuibawqkwmpvgtknhmipfqjbqwyrmteufczplptmnsrazvbwulstjemkkztbpajxaohglzjwoj 
secret is bnfoqugqpsfycyfguracnbqqzyowbzmxdbwyrznlbbzbiflelrgdzopkopqosbfhazhflsapiozwpflmoazyvqitvvsvqdfrmnux 
secret is tkykglkhnjuibzwblgwjcglezaivmmqdokstkikaugmnsndsjadogbgwjpqodwzguzsgoubgtqvhhslrmuimqoirjbeyeewbfeqf 
secret is wgrhxmeomyswixwokapgtawpxmugerkmxbtbkfzdlflrzfgkggfxnhqrpogdstocdssrcbeqvarslnynlswokjerutvopitusflg 
list function self.dirname = files1 
list function self.dirname = files1 
self.server.list is ['test.txt'] 
end of __init__
secret is cibtysntnafjjnwbfivpaqxeycxvgfphrrhrgaiahxhlcrplkcydbqxuvsccylzbgujecrowltbesowgfrkscffkxsrxjttxfwsc 
list function self.dirname = files1 
list function self.dirname = files1 
self.server.list is ['test.txt'] 
end of __init__
secret is efmxsxwdfsveoemkpdzqjhijqfeytmxsxwxsdblpbfhlwnmdkniobvpgwhwydgaxgbeyzrhsmrepkobtwzzcpzocapxeevnmxavu 
list function self.dirname = files2 
list function self.dirname = files2 
self.server.list is [] 
end of __init__
list function self.dirname = files2 
list function self.dirname = files2 
self.server.list is ['miao.txt'] 
secret is bduajlpaiogarzhtrzkfixbtmsuynganpuyoogihkvzfqhqxokydypjzitfwbjnjdtqoywrteohutnbjfjkogoylxiskuiuhtkoa 
list function self.dirname = files2 
list function self.dirname = files2 
self.server.list is [] 
end of __init__
secret is sosfsomqycsxtahpmtnmgamwxnzjbqatrgqxwsattuwrhscfrdstpsodpkqrfumkmmiyjtrckxjzurwxdswbjytsnhxudjsvbnrf 
list function self.dirname = files2 
list function self.dirname = files2 
self.server.list is [] 
end of __init__
list function self.dirname = files2 
list function self.dirname = files2 
self.server.list is ['test.txt'] 
secret is xuvctibkrzjvwvckevxzqetsxkjcjhozfeaaovfuxseiizfewijntspsksikwmymyvtuljdhryobetzjrgjmwblzihwvvegxcckj 
list function self.dirname = files2 
list function self.dirname = files2 
self.server.list is ['test.txt'] 
end of __init__
list function self.dirname = files2 
list function self.dirname = files2 
self.server.list is ['test.txt', 'miao.txt'] 
secret is ywkegfdopcdvdzenqzwvxnxjokrtkeywtrusmurbcnxkiqabmtepsfbtfnrxqjpqlcxfuygvvgodmelqxmufczlgpkfcnlihishq 
list function self.dirname = files1/ 
list function self.dirname = files1/ 
self.server.list is ['test.txt', 'miao.txt'] 
end of __init__
list function self.dirname = files1/ 
list function self.dirname = files1/ 
self.server.list is ['test.txt', 'miao.txt'] 
list function self.dirname = files1/ 
list function self.dirname = files1/ 
self.server.list is ['test.txt', 'miao.txt'] 
list function self.dirname = files1/ 
list function self.dirname = files1/ 
self.server.list is ['test.txt', 'miao.txt'] 
list function self.dirname = files1/ 
list function self.dirname = files1/ 
self.server.list is ['test.txt', 'miao.txt'] 
list function self.dirname = files1/ 
list function self.dirname = files1/ 
self.server.list is ['test.txt', 'miao.txt'] 
list function self.dirname = files1/ 
list function self.dirname = files1/ 
self.server.list is ['test.txt', 'miao.txt'] 
list function self.dirname = files1/ 
list function self.dirname = files1/ 
self.server.list is ['test.txt', 'miao.txt'] 
list function self.dirname = files1/ 
list function self.dirname = files1/ 
self.server.list is ['test.txt', 'miao.txt'] 
secret is itamphcpohnfpoqhtbhitppnrmhjtbudbddqhexmutdmltoewnzkyfblslilhmgcrrbgzttowvjckdlvyjlljjklmimentknijfd 
list function self.dirname = files1/ 
list function self.dirname = files1/ 
self.server.list is ['miao.txt'] 
end of __init__
list function self.dirname = files1/ 
list function self.dirname = files1/ 
self.server.list is ['miao.txt'] 
list function self.dirname = files1/ 
list function self.dirname = files1/ 
self.server.list is ['miao.txt'] 
list function self.dirname = files1/ 
list function self.dirname = files1/ 
self.server.list is ['miao.txt'] 
list function self.dirname = files1/ 
list function self.dirname = files1/ 
self.server.list is ['miao.txt'] 
list function self.dirname = files1/ 
list function self.dirname = files1/ 
self.server.list is ['miao.txt'] 
list function self.dirname = files1/ 
list function self.dirname = files1/ 
self.server.list is ['miao.txt'] 
list function self.dirname = files1/ 
list function self.dirname = files1/ 
self.server.list is ['miao.txt'] 
list function self.dirname = files1/ 
list function self.dirname = files1/ 
self.server.list is ['miao.txt'] 
list function self.dirname = files1/ 
list function self.dirname = files1/ 
self.server.list is ['miao.txt'] 
list function self.dirname = files1/ 
list function self.dirname = files1/ 
self.server.list is ['miao.txt'] 
list function self.dirname = files1/ 
list function self.dirname = files1/ 
self.server.list is ['miao.txt'] 
list function self.dirname = files1/ 
list function self.dirname = files1/ 
self.server.list is ['miao.txt'] 
list function self.dirname = files1/ 
list function self.dirname = files1/ 
self.server.list is ['miao.txt'] 
list function self.dirname = files1/ 
list function self.dirname = files1/ 
self.server.list is ['miao.txt'] 
list function self.dirname = files1/ 
list function self.dirname = files1/ 
self.server.list is ['miao.txt'] 
list function self.dirname = files1/ 
list function self.dirname = files1/ 
self.server.list is ['miao.txt'] 
list function self.dirname = files1/ 
list function self.dirname = files1/ 
self.server.list is ['miao.txt'] 
list function self.dirname = files1/ 
list function self.dirname = files1/ 
self.server.list is ['miao.txt'] 
list function self.dirname = files1/ 
list function self.dirname = files1/ 
self.server.list is ['miao.txt'] 
list function self.dirname = files1/ 
list function self.dirname = files1/ 
self.server.list is ['miao.txt'] 
list function self.dirname = files1/ 
list function self.dirname = files1/ 
self.server.list is ['miao.txt'] 
list function self.dirname = files1/ 
list function self.dirname = files1/ 
self.server.list is ['miao.txt'] 
list function self.dirname = files1/ 
list function self.dirname = files1/ 
self.server.list is ['miao.txt'] 
list function self.dirname = files1/ 
list function self.dirname = files1/ 
self.server.list is ['miao.txt'] 
list function self.dirname = files1/ 
list function self.dirname = files1/ 
self.server.list is ['miao.txt'] 
list function self.dirname = files1/ 
list function self.dirname = files1/ 
self.server.list is ['miao.txt'] 
list function self.dirname = files1/ 
list function self.dirname = files1/ 
self.server.list is ['miao.txt'] 
list function self.dirname = files1/ 
list function self.dirname = files1/ 
self.server.list is ['miao.txt'] 
list function self.dirname = files1/ 
list function self.dirname = files1/ 
self.server.list is ['miao.txt'] 
list function self.dirname = files1/ 
list function self.dirname = files1/ 
self.server.list is ['miao.txt'] 
list function self.dirname = files1/ 
list function self.dirname = files1/ 
self.server.list is ['miao.txt'] 
list function self.dirname = files1/ 
list function self.dirname = files1/ 
self.server.list is ['miao.txt'] 
list function self.dirname = files1/ 
list function self.dirname = files1/ 
self.server.list is ['miao.txt'] 
secret is tpqgnigzxusfszkixdbfayrrtqpzvucuqpkeziritxayeynzddvksmrfzlmdbloplltpibzjmohzjlitinmclqbvmivgcvcyuilp 
list function self.dirname = files1/ 
list function self.dirname = files1/ 
self.server.list is ['miao.txt'] 
end of __init__
secret is jphdjsectcqyuooackgjhjikqnlofegbgwomkqeyzkdphalvkgizncdowfbssfzncjpbihqgasfzgbmhgreyjhdqezirndxlzkky 
list function self.dirname = files2/ 
list function self.dirname = files2/ 
self.server.list is ['test.txt'] 
end of __init__
list function self.dirname = files2/ 
list function self.dirname = files2/ 
self.server.list is ['test.txt', 'miao.txt'] 
list function self.dirname = files2/ 
list function self.dirname = files2/ 
self.server.list is ['test.txt', 'liu.txt', 'miao.txt'] 
secret is kdoldmhegrhefjequhrueiqcfxnyznpunqkxfagbauteasokencrkkboraqepoycrvormrtpnpeexjdruirbdostmsvbfghmxcmr 
list function self.dirname = files1/ 
list function self.dirname = files1/ 
self.server.list is ['liu.txt', 'miao.txt'] 
end of __init__
list function self.dirname = files1/ 
list function self.dirname = files1/ 
self.server.list is ['test.txt', 'liu.txt', 'miao.txt'] 
