insert hello function...
insert hello function...
insert fetch function ...
insert query function...
insert _handle function ...
insert _broadcast function...
known is set(['http://localhost:4242', 'http://localhost:4243'])
insert query function...
insert _handle function ...
name is files1\test.txt 
query result is zxdfgh 
insert _handle function ...
name is files1\test.txt 
create dirname files2\test.txt
insert hello function...
insert hello function...
insert hello function...
insert hello function...
insert hello function...
insert hello function...
insert hello function...
insert hello function...
insert hello function...
insert hello function...
insert hello function...
insert hello function...
insert hello function...
insert hello function...
insert hello function...
insert hello function...
insert hello function...
insert hello function...
insert hello function...
insert hello function...
insert hello function...
insert hello function...
insert hello function...
insert hello function...
insert hello function...
insert hello function...
insert fetch function ...
insert query function...
insert _handle function ...
insert _broadcast function...
known is set(['http://localhost:4242', 'http://localhost:4243'])
insert hello function...
insert hello function...
insert fetch function ...
insert query function...
insert _handle function ...
insert _broadcast function...
known is set(['http://localhost:4242', 'http://localhost:4243'])
insert fetch function ...
insert query function...
insert _handle function ...
insert _broadcast function...
known is set(['http://localhost:4242'])
insert hello function...
insert hello function...
insert hello function...
insert hello function...
insert fetch function ...
insert query function...
insert _handle function ...
insert _broadcast function...
known is set(['http://localhost:4242', 'http://localhost:4243'])
insert query function...
insert _handle function ...
name is files1\miao.txt 
query result is  
insert _handle function ...
name is files1\miao.txt 
create dirname files2\miao.txt
insert hello function...
insert hello function...
insert fetch function ...
insert query function...
insert _handle function ...
insert _broadcast function...
known is set(['http://localhost:4242', 'http://localhost:4243'])
insert query function...
insert _handle function ...
name is files1\miao.txt 
query result is ίχίχ 
insert _handle function ...
name is files1\miao.txt 
insert fetch function ...
insert query function...
insert _handle function ...
insert _broadcast function...
known is set(['http://localhost:4243'])
insert fetch function ...
insert query function...
insert _handle function ...
insert _broadcast function...
known is set(['http://localhost:4243'])
insert hello function...
insert hello function...
insert fetch function ...
insert query function...
insert _handle function ...
insert _broadcast function...
known is set(['http://localhost:4242', 'http://localhost:4243'])
insert query function...
insert _handle function ...
name is files1\test.txt 
query result is zxdfgh 
insert _handle function ...
name is files1\test.txt 
create dirname files2\test.txt
insert fetch function ...
insert query function...
insert _handle function ...
insert _broadcast function...
known is set(['http://localhost:4242', 'http://localhost:4243'])
insert query function...
insert _handle function ...
name is files1\miao.txt 
query result is ίχίχ 
insert _handle function ...
name is files1\miao.txt 
insert fetch function ...
insert query function...
insert _handle function ...
insert _broadcast function...
known is set(['http://localhost:4243'])
insert hello function...
insert hello function...
insert fetch function ...
insert query function...
insert _handle function ...
insert _broadcast function...
known is set(['http://localhost:4242', 'http://localhost:4243'])
insert query function...
insert _handle function ...
name is files1\miao.txt 
query result is adfdddddd 
insert _handle function ...
name is files1\miao.txt 
create dirname files2\miao.txt
insert hello function...
insert hello function...
insert fetch function ...
insert query function...
insert _handle function ...
insert _broadcast function...
known is set(['http://localhost:4242', 'http://localhost:4243'])
insert fetch function ...
insert query function...
insert _handle function ...
insert _broadcast function...
known is set([])
insert fetch function ...
insert query function...
insert _handle function ...
name is files1/test.txt 
query result is zxdfgh 
insert _handle function ...
name is files1/test.txt 
create dirname files1/test.txt
insert fetch function ...
insert query function...
insert _handle function ...
name is files1/test.txt 
query result is zxdfgh 
insert _handle function ...
name is files1/test.txt 
create dirname files1/test.txt
insert fetch function ...
insert query function...
insert _handle function ...
name is files1/test.txt 
query result is zxdfgh 
insert _handle function ...
name is files1/test.txt 
create dirname files1/test.txt
insert fetch function ...
insert query function...
insert _handle function ...
name is files1/test.txt 
query result is zxdfgh 
insert _handle function ...
name is files1/test.txt 
create dirname files1/test.txt
insert fetch function ...
insert query function...
insert _handle function ...
name is files1/test.txt 
query result is zxdfgh 
insert _handle function ...
name is files1/test.txt 
create dirname files1/test.txt
insert fetch function ...
insert query function...
insert _handle function ...
name is files1/test.txt 
query result is zxdfgh 
insert _handle function ...
name is files1/test.txt 
create dirname files1/test.txt
insert fetch function ...
insert query function...
insert _handle function ...
name is files1/test.txt 
query result is zxdfgh 
insert _handle function ...
name is files1/test.txt 
create dirname files1/test.txt
insert fetch function ...
insert query function...
insert _handle function ...
insert _broadcast function...
known is set([])
insert fetch function ...
insert query function...
insert _handle function ...
insert _broadcast function...
known is set([])
insert fetch function ...
insert query function...
insert _handle function ...
insert _broadcast function...
known is set([])
insert fetch function ...
insert query function...
insert _handle function ...
name is files1/test.txt 
query result is zxdfgh 
insert _handle function ...
name is files1/test.txt 
create dirname files1/test.txt
insert fetch function ...
insert query function...
insert _handle function ...
insert _broadcast function...
known is set([])
insert fetch function ...
insert query function...
insert _handle function ...
insert _broadcast function...
known is set([])
insert fetch function ...
insert query function...
insert _handle function ...
insert _broadcast function...
known is set([])
insert fetch function ...
insert query function...
insert _handle function ...
insert _broadcast function...
known is set([])
insert hello function...
insert hello function...
insert fetch function ...
insert query function...
insert _handle function ...
insert _broadcast function...
known is set(['http://localhost:4242', 'http://localhost:4243'])
insert fetch function ...
insert query function...
insert _handle function ...
insert _broadcast function...
known is set(['http://localhost:4243'])
insert fetch function ...
insert query function...
insert _handle function ...
name is files1/miao.txt 
query result is adfdddddd 
insert _handle function ...
name is files1/miao.txt 
create dirname files1/miao.txt
insert fetch function ...
insert query function...
insert _handle function ...
name is files1/miao.txt 
query result is adfdddddd 
insert _handle function ...
name is files1/miao.txt 
create dirname files1/miao.txt
insert fetch function ...
insert query function...
insert _handle function ...
name is files1/miao.txt 
query result is adfdddddd 
insert _handle function ...
name is files1/miao.txt 
create dirname files1/miao.txt
insert fetch function ...
insert query function...
insert _handle function ...
name is files1/miao.txt 
query result is adfdddddd 
insert _handle function ...
name is files1/miao.txt 
create dirname files1/miao.txt
insert fetch function ...
insert query function...
insert _handle function ...
name is files1/miao.txt 
query result is adfdddddd 
insert _handle function ...
name is files1/miao.txt 
create dirname files1/miao.txt
insert fetch function ...
insert query function...
insert _handle function ...
name is files1/miao.txt 
query result is adfdddddd 
insert _handle function ...
name is files1/miao.txt 
create dirname files1/miao.txt
insert fetch function ...
insert query function...
insert _handle function ...
name is files1/miao.txt 
query result is adfdddddd 
insert _handle function ...
name is files1/miao.txt 
create dirname files1/miao.txt
insert fetch function ...
insert query function...
insert _handle function ...
name is files1/miao.txt 
query result is adfdddddd 
insert _handle function ...
name is files1/miao.txt 
create dirname files1/miao.txt
insert fetch function ...
insert query function...
insert _handle function ...
name is files1/miao.txt 
query result is adfdddddd 
insert _handle function ...
name is files1/miao.txt 
create dirname files1/miao.txt
insert fetch function ...
insert query function...
insert _handle function ...
name is files1/miao.txt 
query result is adfdddddd 
insert _handle function ...
name is files1/miao.txt 
create dirname files1/miao.txt
insert fetch function ...
insert query function...
insert _handle function ...
name is files1/miao.txt 
query result is adfdddddd 
insert _handle function ...
name is files1/miao.txt 
create dirname files1/miao.txt
insert fetch function ...
insert query function...
insert _handle function ...
name is files1/miao.txt 
query result is adfdddddd 
insert _handle function ...
name is files1/miao.txt 
create dirname files1/miao.txt
insert fetch function ...
insert query function...
insert _handle function ...
name is files1/miao.txt 
query result is adfdddddd 
insert _handle function ...
name is files1/miao.txt 
create dirname files1/miao.txt
insert fetch function ...
insert query function...
insert _handle function ...
name is files1/miao.txt 
query result is adfdddddd 
insert _handle function ...
name is files1/miao.txt 
create dirname files1/miao.txt
insert fetch function ...
insert query function...
insert _handle function ...
name is files1/miao.txt 
query result is adfdddddd 
insert _handle function ...
name is files1/miao.txt 
create dirname files1/miao.txt
insert fetch function ...
insert query function...
insert _handle function ...
name is files1/miao.txt 
query result is adfdddddd 
insert _handle function ...
name is files1/miao.txt 
create dirname files1/miao.txt
insert fetch function ...
insert query function...
insert _handle function ...
name is files1/miao.txt 
query result is adfdddddd 
insert _handle function ...
name is files1/miao.txt 
create dirname files1/miao.txt
insert fetch function ...
insert query function...
insert _handle function ...
insert _broadcast function...
known is set(['http://localhost:4243'])
insert fetch function ...
insert query function...
insert _handle function ...
name is files1/miao.txt 
query result is adfdddddd 
insert _handle function ...
name is files1/miao.txt 
create dirname files1/miao.txt
insert fetch function ...
insert query function...
insert _handle function ...
name is files1/miao.txt 
query result is adfdddddd 
insert _handle function ...
name is files1/miao.txt 
create dirname files1/miao.txt
insert fetch function ...
insert query function...
insert _handle function ...
name is files1/miao.txt 
query result is adfdddddd 
insert _handle function ...
name is files1/miao.txt 
create dirname files1/miao.txt
insert fetch function ...
insert query function...
insert _handle function ...
name is files1/miao.txt 
query result is adfdddddd 
insert _handle function ...
name is files1/miao.txt 
create dirname files1/miao.txt
insert fetch function ...
insert query function...
insert _handle function ...
name is files1/miao.txt 
query result is adfdddddd 
insert _handle function ...
name is files1/miao.txt 
create dirname files1/miao.txt
insert fetch function ...
insert query function...
insert _handle function ...
name is files1/miao.txt 
query result is adfdddddd 
insert _handle function ...
name is files1/miao.txt 
create dirname files1/miao.txt
insert fetch function ...
insert query function...
insert _handle function ...
name is files1/miao.txt 
query result is adfdddddd 
insert _handle function ...
name is files1/miao.txt 
create dirname files1/miao.txt
insert fetch function ...
insert query function...
insert _handle function ...
insert _broadcast function...
known is set(['http://localhost:4243'])
insert fetch function ...
insert query function...
insert _handle function ...
insert _broadcast function...
known is set(['http://localhost:4243'])
insert fetch function ...
insert query function...
insert _handle function ...
insert _broadcast function...
known is set(['http://localhost:4243'])
insert fetch function ...
insert query function...
insert _handle function ...
insert _broadcast function...
known is set(['http://localhost:4243'])
insert fetch function ...
insert query function...
insert _handle function ...
insert _broadcast function...
known is set(['http://localhost:4243'])
insert fetch function ...
insert query function...
insert _handle function ...
name is files1/miao.txt 
query result is adfdddddd 
insert _handle function ...
name is files1/miao.txt 
create dirname files1/miao.txt
insert fetch function ...
insert query function...
insert _handle function ...
name is files1/miao.txt 
query result is adfdddddd 
insert _handle function ...
name is files1/miao.txt 
create dirname files1/miao.txt
insert fetch function ...
insert query function...
insert _handle function ...
name is files1/miao.txt 
query result is adfdddddd 
insert _handle function ...
name is files1/miao.txt 
create dirname files1/miao.txt
insert fetch function ...
insert query function...
insert _handle function ...
name is files1/miao.txt 
query result is adfdddddd 
insert _handle function ...
name is files1/miao.txt 
create dirname files1/miao.txt
insert fetch function ...
insert query function...
insert _handle function ...
name is files1/miao.txt 
query result is adfdddddd 
insert _handle function ...
name is files1/miao.txt 
create dirname files1/miao.txt
insert fetch function ...
insert query function...
insert _handle function ...
name is files1/miao.txt 
query result is adfdddddd 
insert _handle function ...
name is files1/miao.txt 
create dirname files1/miao.txt
insert fetch function ...
insert query function...
insert _handle function ...
name is files1/miao.txt 
query result is adfdddddd 
insert _handle function ...
name is files1/miao.txt 
create dirname files1/miao.txt
insert fetch function ...
insert query function...
insert _handle function ...
name is files1/miao.txt 
query result is adfdddddd 
insert _handle function ...
name is files1/miao.txt 
create dirname files1/miao.txt
insert fetch function ...
insert query function...
insert _handle function ...
name is files1/miao.txt 
query result is adfdddddd 
insert _handle function ...
name is files1/miao.txt 
create dirname files1/miao.txt
insert hello function...
insert hello function...
insert fetch function ...
insert query function...
insert _handle function ...
insert _broadcast function...
known is set(['http://localhost:4242', 'http://localhost:4243'])
insert fetch function ...
insert query function...
insert _handle function ...
insert _broadcast function...
known is set(['http://localhost:4242'])
insert hello function...
insert hello function...
insert fetch function ...
insert query function...
insert _handle function ...
insert _broadcast function...
known is set(['http://localhost:4242'])
insert fetch function ...
insert query function...
insert _handle function ...
insert _broadcast function...
known is set(['http://localhost:4242', 'http://localhost:4243'])
insert query function...
insert _handle function ...
name is files1/miao.txt 
query result is adfdddddd 
insert _handle function ...
name is files1/miao.txt 
create dirname files2/miao.txt
insert fetch function ...
insert query function...
insert _handle function ...
insert _broadcast function...
known is set(['http://localhost:4242'])
insert fetch function ...
insert query function...
insert _handle function ...
insert _broadcast function...
known is set(['http://localhost:4242'])
insert fetch function ...
insert query function...
insert _handle function ...
insert _broadcast function...
known is set(['http://localhost:4242'])
insert fetch function ...
insert query function...
insert _handle function ...
insert _broadcast function...
known is set(['http://localhost:4242'])
insert fetch function ...
insert query function...
insert _handle function ...
insert _broadcast function...
known is set(['http://localhost:4242'])
insert fetch function ...
insert query function...
insert _handle function ...
insert _broadcast function...
known is set(['http://localhost:4242'])
insert fetch function ...
insert query function...
insert _handle function ...
insert _broadcast function...
known is set(['http://localhost:4242'])
insert fetch function ...
insert query function...
insert _handle function ...
insert _broadcast function...
known is set(['http://localhost:4242'])
insert fetch function ...
insert query function...
insert _handle function ...
insert _broadcast function...
known is set(['http://localhost:4242'])
insert fetch function ...
insert query function...
insert _handle function ...
insert _broadcast function...
known is set(['http://localhost:4242', 'http://localhost:4243'])
insert query function...
insert _handle function ...
name is files1/liu.txt 
query result is iiiiiii
 
insert _handle function ...
name is files1/liu.txt 
create dirname files2/liu.txt
insert hello function...
insert hello function...
insert fetch function ...
insert query function...
insert _handle function ...
insert _broadcast function...
known is set(['http://localhost:4242', 'http://localhost:4243'])
insert query function...
insert _handle function ...
name is files2/test.txt 
query result is zxdfgh 
insert _handle function ...
name is files2/test.txt 
create dirname files1/test.txt
